0 info it worked if it ends with ok
1 verbose cli [ 'C:\\Program Files\\nodejs\\node.exe',
1 verbose cli   'C:\\Users\\Abhishek\\AppData\\Roaming\\npm\\node_modules\\npm\\bin\\npm-cli.js',
1 verbose cli   'start' ]
2 info using npm@3.9.5
3 info using node@v6.3.1
4 verbose run-script [ 'prestart', 'start', 'poststart' ]
5 info lifecycle highstock@1.0.0~prestart: highstock@1.0.0
6 silly lifecycle highstock@1.0.0~prestart: no script for prestart, continuing
7 info lifecycle highstock@1.0.0~start: highstock@1.0.0
8 verbose lifecycle highstock@1.0.0~start: unsafe-perm in lifecycle true
9 verbose lifecycle highstock@1.0.0~start: PATH: C:\Users\Abhishek\AppData\Roaming\npm\node_modules\npm\bin\node-gyp-bin;C:\wamp\www\learn\Stock-Market-Real-Time-Data\node_modules\.bin;C:\Program Files\nodejs;C:\Users\Abhishek\bin;C:\Program Files (x86)\Git\mingw32\bin;C:\Program Files (x86)\Git\usr\local\bin;C:\Program Files (x86)\Git\usr\bin;C:\Program Files (x86)\Git\usr\bin;C:\Program Files (x86)\Git\mingw32\bin;C:\Program Files (x86)\Git\usr\bin;C:\Users\Abhishek\bin;C:\WINDOWS\system32;C:\WINDOWS;C:\WINDOWS\System32\Wbem;C:\WINDOWS\System32\WindowsPowerShell\v1.0;C:\Program Files\Git\cmd;C:\Program Files\curl-7.49.1;C:\Program Files\nodejs;C:\Program Files (x86)\Heroku\bin;C:\Program Files (x86)\git\cmd;C:\Program Files (x86)\Git\cmd;C:\Program Files (x86)\Microsoft VS Code\bin;C:\Users\Abhishek\AppData\Roaming\npm;%USERPROFILE%\AppData\Local\Microsoft\WindowsApps;C:\Program Files (x86)\Git\usr\bin\vendor_perl;C:\Program Files (x86)\Git\usr\bin\core_perl
10 verbose lifecycle highstock@1.0.0~start: CWD: C:\wamp\www\learn\Stock-Market-Real-Time-Data
11 silly lifecycle highstock@1.0.0~start: Args: [ '/d /s /c', 'node server.js' ]
12 silly lifecycle highstock@1.0.0~start: Returned: code: 1  signal: null
13 info lifecycle highstock@1.0.0~start: Failed to exec start script
14 verbose stack Error: highstock@1.0.0 start: `node server.js`
14 verbose stack Exit status 1
14 verbose stack     at EventEmitter.<anonymous> (C:\Users\Abhishek\AppData\Roaming\npm\node_modules\npm\lib\utils\lifecycle.js:245:16)
14 verbose stack     at emitTwo (events.js:106:13)
14 verbose stack     at EventEmitter.emit (events.js:191:7)
14 verbose stack     at ChildProcess.<anonymous> (C:\Users\Abhishek\AppData\Roaming\npm\node_modules\npm\lib\utils\spawn.js:24:14)
14 verbose stack     at emitTwo (events.js:106:13)
14 verbose stack     at ChildProcess.emit (events.js:191:7)
14 verbose stack     at maybeClose (internal/child_process.js:852:16)
14 verbose stack     at Process.ChildProcess._handle.onexit (internal/child_process.js:215:5)
15 verbose pkgid highstock@1.0.0
16 verbose cwd C:\wamp\www\learn\Stock-Market-Real-Time-Data
17 error Windows_NT 10.0.14393
18 error argv "C:\\Program Files\\nodejs\\node.exe" "C:\\Users\\Abhishek\\AppData\\Roaming\\npm\\node_modules\\npm\\bin\\npm-cli.js" "start"
19 error node v6.3.1
20 error npm  v3.9.5
21 error code ELIFECYCLE
22 error highstock@1.0.0 start: `node server.js`
22 error Exit status 1
23 error Failed at the highstock@1.0.0 start script 'node server.js'.
23 error Make sure you have the latest version of node.js and npm installed.
23 error If you do, this is most likely a problem with the highstock package,
23 error not with npm itself.
23 error Tell the author that this fails on your system:
23 error     node server.js
23 error You can get information on how to open an issue for this project with:
23 error     npm bugs highstock
23 error Or if that isn't available, you can get their info via:
23 error     npm owner ls highstock
23 error There is likely additional logging output above.
24 verbose exit [ 1, true ]
